[2021-03-21 02:24:37 PM-train.py-INFO:Train]
[2021-03-21 02:24:37 PM-train.py-INFO:Config]
[2021-03-21 02:24:37 PM-train.py-INFO:epoch:301;lr:0.0001;batchsize:10;trainsize:224;clip:0.5;decay_rate:0.1;load:None;save_path:./results/demo-03-21-0;decay_epoch:100]
[2021-03-21 02:24:39 PM-train.py-INFO:#TRAIN#:Epoch [001/301], Step [0001/0220], Loss1: 0.7125 ]
[2021-03-21 02:25:01 PM-train.py-INFO:#TRAIN#:Epoch [001/301], Step [0100/0220], Loss1: 0.4280 ]
[2021-03-21 02:25:25 PM-train.py-INFO:#TRAIN#:Epoch [001/301], Step [0200/0220], Loss1: 0.2697 ]
[2021-03-21 02:25:30 PM-train.py-INFO:#TRAIN#:Epoch [001/301], Step [0220/0220], Loss1: 0.2796 ]
[2021-03-21 02:25:30 PM-train.py-INFO:#TRAIN#:Epoch [001/301], Loss_AVG: 0.7262]
[2021-03-21 02:25:31 PM-train.py-INFO:#TRAIN#:Epoch [002/301], Step [0001/0220], Loss1: 0.2596 ]
[2021-03-21 02:25:54 PM-train.py-INFO:#TRAIN#:Epoch [002/301], Step [0100/0220], Loss1: 0.2946 ]
[2021-03-21 02:26:17 PM-train.py-INFO:#TRAIN#:Epoch [002/301], Step [0200/0220], Loss1: 0.2282 ]
[2021-03-21 02:26:22 PM-train.py-INFO:#TRAIN#:Epoch [002/301], Step [0220/0220], Loss1: 0.2557 ]
[2021-03-21 02:26:22 PM-train.py-INFO:#TRAIN#:Epoch [002/301], Loss_AVG: 0.4941]
[2021-03-21 02:26:23 PM-train.py-INFO:#TRAIN#:Epoch [003/301], Step [0001/0220], Loss1: 0.2186 ]
[2021-03-21 02:26:46 PM-train.py-INFO:#TRAIN#:Epoch [003/301], Step [0100/0220], Loss1: 0.1853 ]
[2021-03-21 02:27:09 PM-train.py-INFO:#TRAIN#:Epoch [003/301], Step [0200/0220], Loss1: 0.1959 ]
[2021-03-21 02:27:13 PM-train.py-INFO:#TRAIN#:Epoch [003/301], Step [0220/0220], Loss1: 0.1752 ]
[2021-03-21 02:27:13 PM-train.py-INFO:#TRAIN#:Epoch [003/301], Loss_AVG: 0.3947]
[2021-03-21 02:27:14 PM-train.py-INFO:#TRAIN#:Epoch [004/301], Step [0001/0220], Loss1: 0.1709 ]
[2021-03-21 02:27:36 PM-train.py-INFO:#TRAIN#:Epoch [004/301], Step [0100/0220], Loss1: 0.1708 ]
[2021-03-21 02:27:58 PM-train.py-INFO:#TRAIN#:Epoch [004/301], Step [0200/0220], Loss1: 0.1725 ]
[2021-03-21 02:28:03 PM-train.py-INFO:#TRAIN#:Epoch [004/301], Step [0220/0220], Loss1: 0.1829 ]
[2021-03-21 02:28:03 PM-train.py-INFO:#TRAIN#:Epoch [004/301], Loss_AVG: 0.3389]
[2021-03-21 02:28:04 PM-train.py-INFO:#TRAIN#:Epoch [005/301], Step [0001/0220], Loss1: 0.1680 ]
[2021-03-21 02:28:26 PM-train.py-INFO:#TRAIN#:Epoch [005/301], Step [0100/0220], Loss1: 0.2101 ]
[2021-03-21 02:28:49 PM-train.py-INFO:#TRAIN#:Epoch [005/301], Step [0200/0220], Loss1: 0.1575 ]
[2021-03-21 02:28:53 PM-train.py-INFO:#TRAIN#:Epoch [005/301], Step [0220/0220], Loss1: 0.1222 ]
[2021-03-21 02:28:53 PM-train.py-INFO:#TRAIN#:Epoch [005/301], Loss_AVG: 0.3022]
[2021-03-21 02:28:54 PM-train.py-INFO:#TRAIN#:Epoch [006/301], Step [0001/0220], Loss1: 0.1101 ]
